2026-07-20 18:00:27 error: Login error: Invalid email or password
2026-07-20 18:17:24 error: Login error: Invalid email or password
2026-07-20 19:22:08 error: Login error: столбец User.mustChangePassword не существует
2026-07-20 19:22:15 error: Login error: столбец User.mustChangePassword не существует
2026-07-20 19:22:20 error: Login error: столбец User.mustChangePassword не существует
2026-07-20 19:22:21 error: Login error: столбец User.mustChangePassword не существует
2026-07-20 19:29:21 error: Login error: Invalid phone or password
2026-07-20 19:40:40 error: Login error: Invalid phone or password
2026-07-20 19:40:53 error: Login error: Invalid phone or password
2026-07-20 19:56:18 error: Error in Role create: повторяющееся значение ключа нарушает ограничение уникальности "Roles_name_key"
2026-07-20 21:29:03 error: Error in Student create: notNull Violation: User.password cannot be null
2026-07-20 21:30:29 error: Error in Student create: повторяющееся значение ключа нарушает ограничение уникальности "Users_phone_key"
2026-07-20 21:34:24 error: Error in Group create: notNull Violation: Group.courseId cannot be null,
notNull Violation: Group.teacherId cannot be null,
notNull Violation: Group.roomId cannot be null,
notNull Violation: Group.branchId cannot be null
2026-07-20 21:35:24 error: Error in Invoice create: notNull Violation: Invoice.groupId cannot be null
2026-07-20 21:35:24 error: Error in Role delete: UPDATE или DELETE в таблице "Roles" нарушает ограничение RESTRICT внешнего ключа "Users_roleId_fkey" таблицы "Users"
2026-07-20 21:41:14 error: Error in Invoice create: неверное значение для перечисления "enum_Invoices_status": "UNPAID"
2026-07-20 21:41:14 error: Error in Role delete: Ushbu rolni o'chirish mumkin emas, unga biriktirilgan foydalanuvchilar mavjud
2026-07-20 21:42:33 error: Error in Role delete: Ushbu rolni o'chirish mumkin emas, unga biriktirilgan foydalanuvchilar mavjud
2026-07-20 21:56:30 error: Unable to start server: The server does not support SSL connections
2026-07-20 21:56:50 error: Unable to start server: The server does not support SSL connections
2026-07-20 23:34:04 error: Error in User create: notNull Violation: User.firstName cannot be null,
notNull Violation: User.lastName cannot be null,
notNull Violation: User.password cannot be null,
notNull Violation: User.roleId cannot be null,
Validation error: Validation is on phone failed
2026-07-20 23:50:54 error: Error in User create: notNull Violation: User.firstName cannot be null,
notNull Violation: User.lastName cannot be null,
notNull Violation: User.password cannot be null,
notNull Violation: User.roleId cannot be null
2026-07-20 23:51:42 error: Error in User create: notNull Violation: User.firstName cannot be null,
notNull Violation: User.lastName cannot be null,
notNull Violation: User.password cannot be null,
notNull Violation: User.roleId cannot be null
2026-07-20 23:54:50 error: Login error: Invalid phone or password
2026-07-20 23:54:50 error: Login error: Invalid phone or password
2026-07-20 23:54:55 error: Login error: Invalid phone or password
2026-07-20 23:54:55 error: Login error: Invalid phone or password
2026-07-21 07:03:51 error: Login error: Invalid phone or password
2026-07-21 10:35:45 error: Login error: Invalid phone or password
2026-07-21 10:52:20 error: Login error: Invalid phone or password
2026-07-21 11:09:43 error: Login error: Invalid phone or password
2026-07-21 11:09:44 error: Login error: Invalid phone or password
2026-07-21 11:12:38 error: Dashboard error: неверное значение для перечисления "enum_Payments_status": "COMPLETED"
2026-07-21 11:12:38 error: Dashboard error: неверное значение для перечисления "enum_Payments_status": "COMPLETED"
2026-07-21 11:12:39 error: Dashboard error: неверное значение для перечисления "enum_Payments_status": "COMPLETED"
2026-07-21 11:12:39 error: Dashboard error: неверное значение для перечисления "enum_Payments_status": "COMPLETED"
2026-07-21 11:14:46 error: Error in Student getAll: столбец user.branchId не существует
2026-07-21 11:14:46 error: Error in Student getAll: столбец user.branchId не существует
2026-07-21 11:14:47 error: Error in Student getAll: столбец user.branchId не существует
2026-07-21 11:14:47 error: Error in Student getAll: столбец user.branchId не существует
2026-07-21 11:14:47 error: Error in Student getAll: столбец user.branchId не существует
2026-07-21 11:14:47 error: Error in Student getAll: столбец user.branchId не существует
2026-07-21 11:14:52 error: Error in Student getAll: столбец user.branchId не существует
2026-07-21 11:14:52 error: Error in Student getAll: столбец user.branchId не существует
2026-07-21 11:14:53 error: Error in Student getAll: столбец user.branchId не существует
2026-07-21 11:14:53 error: Error in Student getAll: столбец user.branchId не существует
2026-07-21 11:14:54 error: Error in Student getAll: столбец user.branchId не существует
2026-07-21 11:14:54 error: Error in Student getAll: столбец user.branchId не существует
2026-07-21 11:14:54 error: Error in Student getAll: столбец user.branchId не существует
2026-07-21 11:14:56 error: Error in Student getAll: столбец user.branchId не существует
2026-07-21 11:14:58 error: Error in Student getAll: столбец user.branchId не существует
2026-07-21 11:14:58 error: Error in Student getAll: столбец user.branchId не существует
2026-07-21 11:14:58 error: Error in Student getAll: столбец user.branchId не существует
2026-07-21 11:14:59 error: Error in Student getAll: столбец user.branchId не существует
2026-07-21 11:15:03 error: Error in Student getAll: столбец user.branchId не существует
2026-07-21 11:15:03 error: Error in Student getAll: столбец user.branchId не существует
2026-07-21 11:15:06 error: Error in Student getAll: столбец user.branchId не существует
2026-07-21 11:15:06 error: Error in Student getAll: столбец user.branchId не существует
2026-07-21 11:15:07 error: Error in Student getAll: столбец user.branchId не существует
2026-07-21 11:15:07 error: Error in Student getAll: столбец user.branchId не существует
2026-07-21 11:15:07 error: Error in Student getAll: столбец user.branchId не существует
2026-07-21 11:15:09 error: Error in Student getAll: столбец user.branchId не существует
2026-07-21 11:15:12 error: Error in Student getAll: столбец user.branchId не существует
2026-07-21 11:15:12 error: Error in Student getAll: столбец user.branchId не существует
2026-07-21 11:15:12 error: Error in Student getAll: столбец user.branchId не существует
2026-07-21 11:15:13 error: Error in Student getAll: столбец user.branchId не существует
2026-07-21 11:15:18 error: Error in Student getAll: столбец user.branchId не существует
2026-07-21 11:15:18 error: Error in Student getAll: столбец user.branchId не существует
2026-07-21 11:17:12 error: Dashboard error: неверное значение для перечисления "enum_Payments_status": "COMPLETED"
2026-07-21 11:17:12 error: Dashboard error: неверное значение для перечисления "enum_Payments_status": "COMPLETED"
2026-07-21 11:17:12 error: Dashboard error: неверное значение для перечисления "enum_Payments_status": "COMPLETED"
2026-07-21 11:17:12 error: Dashboard error: неверное значение для перечисления "enum_Payments_status": "COMPLETED"
2026-07-21 11:17:38 error: Dashboard error: неверное значение для перечисления "enum_Payments_status": "COMPLETED"
2026-07-21 11:17:38 error: Dashboard error: неверное значение для перечисления "enum_Payments_status": "COMPLETED"
2026-07-21 11:32:59 error: Error in Course create: notNull Violation: Course.price cannot be null
2026-07-21 11:37:01 error: Error in Course create: notNull Violation: Course.price cannot be null
2026-07-21 11:37:05 error: Error in Course create: notNull Violation: Course.price cannot be null
2026-07-21 11:37:06 error: Error in Course create: notNull Violation: Course.price cannot be null
2026-07-21 11:37:07 error: Error in Course create: notNull Violation: Course.price cannot be null
2026-07-21 11:37:07 error: Error in Course create: notNull Violation: Course.price cannot be null
2026-07-21 11:37:08 error: Error in Course create: notNull Violation: Course.price cannot be null
2026-07-21 11:37:08 error: Error in Course create: notNull Violation: Course.price cannot be null
2026-07-21 11:37:08 error: Error in Course create: notNull Violation: Course.price cannot be null
2026-07-21 11:37:08 error: Error in Course create: notNull Violation: Course.price cannot be null
2026-07-21 11:37:08 error: Error in Course create: notNull Violation: Course.price cannot be null
2026-07-21 11:37:09 error: Error in Course create: notNull Violation: Course.price cannot be null
2026-07-21 11:37:09 error: Error in Course create: notNull Violation: Course.price cannot be null
2026-07-21 11:37:09 error: Error in Course create: notNull Violation: Course.price cannot be null
2026-07-21 11:37:09 error: Error in Course create: notNull Violation: Course.price cannot be null
2026-07-21 11:37:41 error: Error in Course create: notNull Violation: Course.price cannot be null
2026-07-21 11:39:12 error: Error in Course create: notNull Violation: Course.price cannot be null
